[INTERCEPTED]|/home/huy/Desktop/workspace/gitprojects/batmon/gradlew|./gradlew;--no-daemon;clean;:app:assembleDebug;
[INTERCEPTED]|/usr/bin/dash|sh;./gradlew;--no-daemon;clean;:app:assembleDebug;
[INTERCEPTED]|/usr/bin/dirname|dirname;./gradlew;
[INTERCEPTED]|/usr/bin/basename|basename;./gradlew;
[INTERCEPTED]|/usr/bin/uname|uname;
[INTERCEPTED]|/usr/bin/which.debianutils|which;java;
[INTERCEPTED]|/usr/bin/sed|sed;s/'/'\\''/g;1s/^/'/;$s/$/' \\/;
[INTERCEPTED]|/usr/bin/sed|sed;s/'/'\\''/g;1s/^/'/;$s/$/' \\/;
[INTERCEPTED]|/usr/bin/sed|sed;s/'/'\\''/g;1s/^/'/;$s/$/' \\/;
[INTERCEPTED]|/usr/lib/jvm/java-17-openjdk-amd64/bin/java|java;--add-opens;java.base/java.lang=ALL-UNNAMED;-version;
[INTERCEPTED]|/usr/bin/uname|uname;
[INTERCEPTED]|/usr/lib/jvm/java-17-openjdk-amd64/bin/java|java;--add-opens;java.base/java.lang=ALL-UNNAMED;-Dorg.gradle.appname=gradlew;-classpath;/home/huy/Desktop/workspace/gitprojects/batmon/gradle/wrapper/gradle-wrapper.jar;org.gradle.wrapper.GradleWrapperMain;--no-daemon;clean;:app:assembleDebug;
[INTERCEPTED]|/usr/lib/jvm/java-17-openjdk-amd64/lib/jspawnhelper|/usr/lib/jvm/java-17-openjdk-amd64/lib/jspawnhelper;17.0.18+8-Ubuntu-124.04.1;177:178:180;
[INTERCEPTED]|/usr/lib/jvm/java-17-openjdk-amd64/bin/java|/usr/lib/jvm/java-17-openjdk-amd64/bin/java;--add-opens=java.base/java.util=ALL-UNNAMED;--add-opens=java.base/java.lang=ALL-UNNAMED;--add-opens=java.base/java.lang.invoke=ALL-UNNAMED;--add-opens=java.prefs/java.util.prefs=ALL-UNNAMED;--add-exports=jdk.compiler/com.sun.tools.javac.api=ALL-UNNAMED;--add-exports=jdk.compiler/com.sun.tools.javac.util=ALL-UNNAMED;--add-opens=java.base/java.nio.charset=ALL-UNNAMED;--add-opens=java.base/java.net=ALL-UNNAMED;--add-opens=java.base/java.util.concurrent.atomic=ALL-UNNAMED;-Xmx2g;-Dfile.encoding=UTF-8;-Duser.country;-Duser.language=en;-Duser.variant;-cp;/home/huy/.gradle/wrapper/dists/gradle-8.10.2-bin/a04bxjujx95o3nb99gddekhwo/gradle-8.10.2/lib/gradle-daemon-main-8.10.2.jar;-javaagent:/home/huy/.gradle/wrapper/dists/gradle-8.10.2-bin/a04bxjujx95o3nb99gddekhwo/gradle-8.10.2/lib/agents/gradle-instrumentation-agent-8.10.2.jar;org.gradle.launcher.daemon.bootstrap.GradleDaemon;8.10.2;
[INTERCEPTED]|/usr/lib/jvm/java-17-openjdk-amd64/lib/jspawnhelper|/usr/lib/jvm/java-17-openjdk-amd64/lib/jspawnhelper;17.0.18+8-Ubuntu-124.04.1;530:531:533;
[INTERCEPTED]|/home/huy/.gradle/caches/8.10.2/transforms/ffd88a86d1641fda99b12e8277609666/transformed/aapt2-8.8.2-12006047-linux/aapt2|/home/huy/.gradle/caches/8.10.2/transforms/ffd88a86d1641fda99b12e8277609666/transformed/aapt2-8.8.2-12006047-linux/aapt2;m;
[INTERCEPTED]|/usr/lib/jvm/java-17-openjdk-amd64/lib/jspawnhelper|/usr/lib/jvm/java-17-openjdk-amd64/lib/jspawnhelper;17.0.18+8-Ubuntu-124.04.1;570:571:573;
[INTERCEPTED]|/home/huy/.local/share/agent-toolbox/tools/sam-agent-metrics/2026.04.0-agent.0.1.1/sam-agent-metrics-linux-x86_64-2026.04.0-agent.0.1.1/engine/linux/svace/svace-analyzer-2026.02.1-x64-linux/prog/build-capture/dummy|/home/huy/.local/share/agent-toolbox/tools/sam-agent-metrics/2026.04.0-agent.0.1.1/sam-agent-metrics-linux-x86_64-2026.04.0-agent.0.1.1/engine/linux/svace/svace-analyzer-2026.02.1-x64-linux/prog/build-capture/dummy;kotlinc;/tmp/sam-agent-runs/batmon-20260501-111406/attempts/svace/svace-result/svace-dir/bitcode/java-agent-kotlinc-836DD42F6A6215139754D00748B5D6BD.txt;
[RECOGNIZED]|comp/kotlin/kotlinc-agent|/home/huy/.local/share/agent-toolbox/tools/sam-agent-metrics/2026.04.0-agent.0.1.1/sam-agent-metrics-linux-x86_64-2026.04.0-agent.0.1.1/engine/linux/svace/svace-analyzer-2026.02.1-x64-linux/prog/build-capture/dummy|/home/huy/.local/share/agent-toolbox/tools/sam-agent-metrics/2026.04.0-agent.0.1.1/sam-agent-metrics-linux-x86_64-2026.04.0-agent.0.1.1/engine/linux/svace/svace-analyzer-2026.02.1-x64-linux/prog/build-capture/dummy;kotlinc;/tmp/sam-agent-runs/batmon-20260501-111406/attempts/svace/svace-result/svace-dir/bitcode/java-agent-kotlinc-836DD42F6A6215139754D00748B5D6BD.txt;
[ORIGINAL]|okay|/home/huy/.local/share/agent-toolbox/tools/sam-agent-metrics/2026.04.0-agent.0.1.1/sam-agent-metrics-linux-x86_64-2026.04.0-agent.0.1.1/engine/linux/svace/svace-analyzer-2026.02.1-x64-linux/prog/build-capture/dummy;kotlinc;/tmp/sam-agent-runs/batmon-20260501-111406/attempts/svace/svace-result/svace-dir/bitcode/java-agent-kotlinc-836DD42F6A6215139754D00748B5D6BD.txt;
[KOTLIN-ORIGINAL]|okay|/home/huy/.local/share/agent-toolbox/tools/sam-agent-metrics/2026.04.0-agent.0.1.1/sam-agent-metrics-linux-x86_64-2026.04.0-agent.0.1.1/engine/linux/svace/svace-analyzer-2026.02.1-x64-linux/prog/build-capture/dummy;kotlinc;/tmp/sam-agent-runs/batmon-20260501-111406/attempts/svace/svace-result/svace-dir/bitcode/java-agent-kotlinc-836DD42F6A6215139754D00748B5D6BD.txt;
[KOTLIN]|okay|39|3351|2ZRGFIJW3IMUSRGTP2ITCO666E
[KOTLIN-OPTIONAL]|okay|/home/huy/.local/share/agent-toolbox/tools/sam-agent-metrics/2026.04.0-agent.0.1.1/sam-agent-metrics-linux-x86_64-2026.04.0-agent.0.1.1/engine/linux/svace/svace-analyzer-2026.02.1-x64-linux/prog/build-capture/dummy;kotlinc;/tmp/sam-agent-runs/batmon-20260501-111406/attempts/svace/svace-result/svace-dir/bitcode/java-agent-kotlinc-836DD42F6A6215139754D00748B5D6BD.txt;
[OPTIONAL]|okay|/home/huy/.local/share/agent-toolbox/tools/sam-agent-metrics/2026.04.0-agent.0.1.1/sam-agent-metrics-linux-x86_64-2026.04.0-agent.0.1.1/engine/linux/svace/svace-analyzer-2026.02.1-x64-linux/prog/build-capture/dummy;kotlinc;/tmp/sam-agent-runs/batmon-20260501-111406/attempts/svace/svace-result/svace-dir/bitcode/java-agent-kotlinc-836DD42F6A6215139754D00748B5D6BD.txt;
[INTERCEPTED]|/usr/lib/jvm/java-17-openjdk-amd64/lib/jspawnhelper|/usr/lib/jvm/java-17-openjdk-amd64/lib/jspawnhelper;17.0.18+8-Ubuntu-124.04.1;670:671:673;
[INTERCEPTED]|/usr/bin/uname|uname;-o;
[INTERCEPTED]|/usr/lib/jvm/java-17-openjdk-amd64/lib/jspawnhelper|/usr/lib/jvm/java-17-openjdk-amd64/lib/jspawnhelper;17.0.18+8-Ubuntu-124.04.1;541:542:544;
[INTERCEPTED]|/home/huy/.local/share/agent-toolbox/tools/sam-agent-metrics/2026.04.0-agent.0.1.1/sam-agent-metrics-linux-x86_64-2026.04.0-agent.0.1.1/engine/linux/svace/svace-analyzer-2026.02.1-x64-linux/prog/build-capture/dummy|/home/huy/.local/share/agent-toolbox/tools/sam-agent-metrics/2026.04.0-agent.0.1.1/sam-agent-metrics-linux-x86_64-2026.04.0-agent.0.1.1/engine/linux/svace/svace-analyzer-2026.02.1-x64-linux/prog/build-capture/dummy;kotlinc;/tmp/sam-agent-runs/batmon-20260501-111406/attempts/svace/svace-result/svace-dir/bitcode/java-agent-kotlinc-8927DD34D5B791935B3D32A2AFB7DF7F.txt;
[RECOGNIZED]|comp/kotlin/kotlinc-agent|/home/huy/.local/share/agent-toolbox/tools/sam-agent-metrics/2026.04.0-agent.0.1.1/sam-agent-metrics-linux-x86_64-2026.04.0-agent.0.1.1/engine/linux/svace/svace-analyzer-2026.02.1-x64-linux/prog/build-capture/dummy|/home/huy/.local/share/agent-toolbox/tools/sam-agent-metrics/2026.04.0-agent.0.1.1/sam-agent-metrics-linux-x86_64-2026.04.0-agent.0.1.1/engine/linux/svace/svace-analyzer-2026.02.1-x64-linux/prog/build-capture/dummy;kotlinc;/tmp/sam-agent-runs/batmon-20260501-111406/attempts/svace/svace-result/svace-dir/bitcode/java-agent-kotlinc-8927DD34D5B791935B3D32A2AFB7DF7F.txt;
[ORIGINAL]|okay|/home/huy/.local/share/agent-toolbox/tools/sam-agent-metrics/2026.04.0-agent.0.1.1/sam-agent-metrics-linux-x86_64-2026.04.0-agent.0.1.1/engine/linux/svace/svace-analyzer-2026.02.1-x64-linux/prog/build-capture/dummy;kotlinc;/tmp/sam-agent-runs/batmon-20260501-111406/attempts/svace/svace-result/svace-dir/bitcode/java-agent-kotlinc-8927DD34D5B791935B3D32A2AFB7DF7F.txt;
[KOTLIN-ORIGINAL]|okay|/home/huy/.local/share/agent-toolbox/tools/sam-agent-metrics/2026.04.0-agent.0.1.1/sam-agent-metrics-linux-x86_64-2026.04.0-agent.0.1.1/engine/linux/svace/svace-analyzer-2026.02.1-x64-linux/prog/build-capture/dummy;kotlinc;/tmp/sam-agent-runs/batmon-20260501-111406/attempts/svace/svace-result/svace-dir/bitcode/java-agent-kotlinc-8927DD34D5B791935B3D32A2AFB7DF7F.txt;
[KOTLIN]|okay|39|6528|RVH6YAG7IO77WO3BZT3IEVZGNI
[KOTLIN-OPTIONAL]|okay|/home/huy/.local/share/agent-toolbox/tools/sam-agent-metrics/2026.04.0-agent.0.1.1/sam-agent-metrics-linux-x86_64-2026.04.0-agent.0.1.1/engine/linux/svace/svace-analyzer-2026.02.1-x64-linux/prog/build-capture/dummy;kotlinc;/tmp/sam-agent-runs/batmon-20260501-111406/attempts/svace/svace-result/svace-dir/bitcode/java-agent-kotlinc-8927DD34D5B791935B3D32A2AFB7DF7F.txt;
[OPTIONAL]|okay|/home/huy/.local/share/agent-toolbox/tools/sam-agent-metrics/2026.04.0-agent.0.1.1/sam-agent-metrics-linux-x86_64-2026.04.0-agent.0.1.1/engine/linux/svace/svace-analyzer-2026.02.1-x64-linux/prog/build-capture/dummy;kotlinc;/tmp/sam-agent-runs/batmon-20260501-111406/attempts/svace/svace-result/svace-dir/bitcode/java-agent-kotlinc-8927DD34D5B791935B3D32A2AFB7DF7F.txt;
[INTERCEPTED]|/usr/lib/jvm/java-17-openjdk-amd64/lib/jspawnhelper|/usr/lib/jvm/java-17-openjdk-amd64/lib/jspawnhelper;17.0.18+8-Ubuntu-124.04.1;559:560:619;
[INTERCEPTED]|/home/huy/.local/share/agent-toolbox/tools/sam-agent-metrics/2026.04.0-agent.0.1.1/sam-agent-metrics-linux-x86_64-2026.04.0-agent.0.1.1/engine/linux/svace/svace-analyzer-2026.02.1-x64-linux/prog/build-capture/dummy|/home/huy/.local/share/agent-toolbox/tools/sam-agent-metrics/2026.04.0-agent.0.1.1/sam-agent-metrics-linux-x86_64-2026.04.0-agent.0.1.1/engine/linux/svace/svace-analyzer-2026.02.1-x64-linux/prog/build-capture/dummy;javac;/tmp/sam-agent-runs/batmon-20260501-111406/attempts/svace/svace-result/svace-dir/bitcode/java-agent-javac-946C6AF790FEEDAFB02A621F8B01FA19.txt;
[RECOGNIZED]|comp/java/javac-agent|/home/huy/.local/share/agent-toolbox/tools/sam-agent-metrics/2026.04.0-agent.0.1.1/sam-agent-metrics-linux-x86_64-2026.04.0-agent.0.1.1/engine/linux/svace/svace-analyzer-2026.02.1-x64-linux/prog/build-capture/dummy|/home/huy/.local/share/agent-toolbox/tools/sam-agent-metrics/2026.04.0-agent.0.1.1/sam-agent-metrics-linux-x86_64-2026.04.0-agent.0.1.1/engine/linux/svace/svace-analyzer-2026.02.1-x64-linux/prog/build-capture/dummy;javac;/tmp/sam-agent-runs/batmon-20260501-111406/attempts/svace/svace-result/svace-dir/bitcode/java-agent-javac-946C6AF790FEEDAFB02A621F8B01FA19.txt;
[ORIGINAL]|okay|/home/huy/.local/share/agent-toolbox/tools/sam-agent-metrics/2026.04.0-agent.0.1.1/sam-agent-metrics-linux-x86_64-2026.04.0-agent.0.1.1/engine/linux/svace/svace-analyzer-2026.02.1-x64-linux/prog/build-capture/dummy;javac;/tmp/sam-agent-runs/batmon-20260501-111406/attempts/svace/svace-result/svace-dir/bitcode/java-agent-javac-946C6AF790FEEDAFB02A621F8B01FA19.txt;
[JAVA-ORIGINAL]|okay|/home/huy/.local/share/agent-toolbox/tools/sam-agent-metrics/2026.04.0-agent.0.1.1/sam-agent-metrics-linux-x86_64-2026.04.0-agent.0.1.1/engine/linux/svace/svace-analyzer-2026.02.1-x64-linux/prog/build-capture/dummy;javac;/tmp/sam-agent-runs/batmon-20260501-111406/attempts/svace/svace-result/svace-dir/bitcode/java-agent-javac-946C6AF790FEEDAFB02A621F8B01FA19.txt;
[JAVA]|okay|2|9505|NV5JQIGRHWZ2BJR2CV6HI4YOKE
[JAVA-OPTIONAL]|okay|/home/huy/.local/share/agent-toolbox/tools/sam-agent-metrics/2026.04.0-agent.0.1.1/sam-agent-metrics-linux-x86_64-2026.04.0-agent.0.1.1/engine/linux/svace/svace-analyzer-2026.02.1-x64-linux/prog/build-capture/dummy;javac;/tmp/sam-agent-runs/batmon-20260501-111406/attempts/svace/svace-result/svace-dir/bitcode/java-agent-javac-946C6AF790FEEDAFB02A621F8B01FA19.txt;
[OPTIONAL]|okay|/home/huy/.local/share/agent-toolbox/tools/sam-agent-metrics/2026.04.0-agent.0.1.1/sam-agent-metrics-linux-x86_64-2026.04.0-agent.0.1.1/engine/linux/svace/svace-analyzer-2026.02.1-x64-linux/prog/build-capture/dummy;javac;/tmp/sam-agent-runs/batmon-20260501-111406/attempts/svace/svace-result/svace-dir/bitcode/java-agent-javac-946C6AF790FEEDAFB02A621F8B01FA19.txt;
