Analyzing build object with hash: [BUILD]1b8729ef760c5829d3ecab5b06f5726b892d5976
Reading build object:

Analyzing jar file `/home/huy/.gradle/caches/modules-2/files-2.1/org.jetbrains.kotlin/kotlin-stdlib/2.0.21/618b539767b4899b4660a83006e052b63f1db551/kotlin-stdlib-2.0.21.jar` (4%)...
Analyzing jar file `/home/huy/android-sdk/platforms/android-36/android.jar` (74%)...
Analyzing jar file `/home/huy/.gradle/caches/8.10.2/transforms/b808cdd23f9894fb18e650bc2e47b177/transformed/room-runtime-2.6.1-api.jar` (75%)...
Analyzing jar file `/home/huy/.gradle/caches/8.10.2/transforms/749d3c979e55d85e08f787a8ac91f6fa/transformed/appcompat-1.6.1-api.jar` (79%)...
Analyzing jar file `/home/huy/.gradle/caches/8.10.2/transforms/2834356c36f316ac11d828413d40e9d2/transformed/fragment-1.3.6-api.jar` (81%)...
Analyzing jar file `/home/huy/.gradle/caches/8.10.2/transforms/7a3c4f4a6163b0eebef3ae02fae9eff2/transformed/core-1.13.0-api.jar` (88%)...
Analyzing jar file `/home/huy/.gradle/caches/8.10.2/transforms/52bec25fc00aa87d0b582f211f68d99d/transformed/activity-1.8.0-api.jar` (89%)...
Analyzing jar file `/home/huy/.gradle/caches/8.10.2/transforms/487cfcb9478fe06d90cc60b5730d2205/transformed/lifecycle-viewmodel-savedstate-2.6.2-api.jar` (90%)...
Analyzing jar file `/home/huy/.gradle/caches/8.10.2/transforms/67efda1ad03f36d7c60bf57dfa87adc9/transformed/core-ktx-1.13.0-api.jar` (91%)...
Analyzing jar file `/home/huy/.gradle/caches/8.10.2/transforms/4d0951c24355d9ef43f8b9686d02a6cb/transformed/recyclerview-1.3.2-api.jar` (94%)...
Analyzing jar file `/home/huy/.gradle/caches/8.10.2/transforms/99c13f0cbc0a2076aec19a0d5e55753e/transformed/constraintlayout-2.0.1-api.jar` (96%)...
Analyzing jar file `/home/huy/Desktop/workspace/gitprojects/batmon/app/build/intermediates/compile_and_runtime_not_namespaced_r_class_jar/debug/processDebugResources/R.jar` (98%)...
Analyzing jar file `/home/huy/.gradle/caches/8.10.2/transforms/59c85cf417026354829885b21b85588c/transformed/appcompat-resources-1.6.1-api.jar` (99%)...
Analyzing jar file `/home/huy/android-sdk/build-tools/35.0.0/core-lambda-stubs.jar` (100%)...
Analyzing `com.android.synclab.glimpse.infra.repository.roomdb.core.GlimpseDatabase_Impl` class (1%)...
Analyzing `com.android.synclab.glimpse.infra.repository.roomdb.core.GlimpseDatabase_Impl$1` class (3%)...
Analyzing `com.android.synclab.glimpse.infra.repository.roomdb.core.ControllerProfileDao_Impl$1` class (4%)...
Analyzing `com.android.synclab.glimpse.infra.repository.roomdb.core.ControllerProfileDao_Impl` class (5%)...
Analyzing `com.android.synclab.glimpse.domain.usecase.UpsertControllerProfileUseCase` class (6%)...
Analyzing `com.android.synclab.glimpse.data.model.ControllerInfo` class (8%)...
Analyzing `com.android.synclab.glimpse.presentation.viewmodel.MainViewModel` class (11%)...
Analyzing `com.android.synclab.glimpse.data.model.ControllerLightCommandStatus` class (12%)...
Analyzing `com.android.synclab.glimpse.domain.usecase.svace.DeleteControllerProfileUseCaseKt` class (13%)...
Analyzing `com.android.synclab.glimpse.presentation.MainActivity` class (26%)...
Analyzing `com.android.synclab.glimpse.presentation.view.SettingItemAdapter$Companion` class (27%)...
Analyzing `com.android.synclab.glimpse.presentation.view.CustomizeVibeDialog$show$seekBarListener$1` class (28%)...
Analyzing `com.android.synclab.glimpse.presentation.MainActivity$WhenMappings` class (29%)...
Analyzing `com.android.synclab.glimpse.presentation.view.SettingItemAdapter` class (30%)...
Analyzing `com.android.synclab.glimpse.base.contracts.svace.GamepadRepositoryKt` class (31%)...
Analyzing `com.android.synclab.glimpse.presentation.viewmodel.MainViewModelFactory` class (32%)...
Analyzing `com.android.synclab.glimpse.infra.overlay.OverlayWindowController` class (33%)...
Analyzing `com.android.synclab.glimpse.domain.usecase.svace.GetPrimaryGamepadBatteryUseCaseKt` class (34%)...
Analyzing `com.android.synclab.glimpse.data.state.MonitoringStateStore` class (35%)...
Analyzing `com.android.synclab.glimpse.presentation.model.EventChangeParam$Source` class (36%)...
Analyzing `com.android.synclab.glimpse.presentation.view.ChargingIconView` class (37%)...
Analyzing `com.android.synclab.glimpse.presentation.view.CustomizeVibeDialog` class (41%)...
Analyzing `com.android.synclab.glimpse.presentation.view.GlimpseToggleView$Companion` class (42%)...
Analyzing `com.android.synclab.glimpse.data.model.ControllerLightCommandResult` class (44%)...
Analyzing `com.android.synclab.glimpse.domain.usecase.GetConnectedPs4ControllersUseCase` class (45%)...
Analyzing `com.android.synclab.glimpse.presentation.BatteryOverlayService` class (47%)...
Analyzing `com.android.synclab.glimpse.presentation.view.SettingItemAdapter$SettingItemViewHolder` class (49%)...
Analyzing `com.android.synclab.glimpse.base.contracts.GamepadRepository` class (50%)...
Analyzing `com.android.synclab.glimpse.presentation.view.ChargingIconView$GlowLayerView` class (51%)...
Analyzing `com.android.synclab.glimpse.infra.repository.GamepadRepositoryImpl$CachedLightTarget` class (52%)...
Analyzing `com.android.synclab.glimpse.di.AppContainer$Companion` class (53%)...
Analyzing `com.android.synclab.glimpse.infra.repository.roomdb.RoomControllerProfileRepository` class (54%)...
Analyzing `com.android.synclab.glimpse.presentation.model.SettingItemUiModel$Control$Toggle` class (55%)...
Analyzing `com.android.synclab.glimpse.base.contracts.MonitoringStateProvider` class (56%)...
Analyzing `com.android.synclab.glimpse.presentation.MainActivity$setupSettingsLists$1` class (57%)...
Analyzing `com.android.synclab.glimpse.domain.usecase.svace.SetPs4ControllerLightColorUseCaseKt` class (58%)...
Analyzing `com.android.synclab.glimpse.utils.InputDeviceLogUtils` class (59%)...
Analyzing `com.android.synclab.glimpse.presentation.model.EventChangeParam$EventType` class (60%)...
Analyzing `com.android.synclab.glimpse.infra.repository.roomdb.core.ControllerProfileDao` class (61%)...
Analyzing `com.android.synclab.glimpse.utils.LogCompat` class (62%)...
Analyzing `com.android.synclab.glimpse.presentation.model.SettingItemUiModel$Control` class (63%)...
Analyzing `com.android.synclab.glimpse.presentation.view.GlimpseToggleView` class (65%)...
Analyzing `com.android.synclab.glimpse.base.contracts.ControllerProfileRepository` class (66%)...
Analyzing `com.android.synclab.glimpse.data.model.GamepadBatterySnapshot` class (67%)...
Analyzing `com.android.synclab.glimpse.presentation.model.SettingItemUiModel` class (69%)...
Analyzing `com.android.synclab.glimpse.domain.usecase.DeleteControllerProfileUseCase` class (70%)...
Analyzing `com.android.synclab.glimpse.infra.repository.roomdb.core.ControllerProfileEntity` class (71%)...
Analyzing `com.android.synclab.glimpse.presentation.view.CustomizeVibeDialog$Companion` class (72%)...
Analyzing `com.android.synclab.glimpse.infra.repository.GamepadRepositoryImpl` class (81%)...
Analyzing `com.android.synclab.glimpse.presentation.view.SettingsPanelView` class (84%)...
Analyzing `com.android.synclab.glimpse.presentation.view.BatteryProgressView` class (88%)...
Analyzing `com.android.synclab.glimpse.presentation.model.MainUiState$ConnectionState` class (89%)...
Analyzing `com.android.synclab.glimpse.presentation.view.svace.SettingItemAdapterKt` class (90%)...
Analyzing `com.android.synclab.glimpse.infra.notification.MonitoringNotificationController` class (91%)...
Analyzing `com.android.synclab.glimpse.infra.input.InputDeviceGateway` class (92%)...
Analyzing `com.android.synclab.glimpse.presentation.model.MainUiState` class (94%)...
Analyzing `com.android.synclab.glimpse.presentation.view.svace.CustomizeVibeDialogKt` class (95%)...
Analyzing `com.android.synclab.glimpse.di.AppContainer` class (97%)...
Analyzing `com.android.synclab.glimpse.data.model.ControllerProfile` class (98%)...
Analyzing `com.android.synclab.glimpse.presentation.model.EventChangeParam` class (100%)...
Analysis completed.
Call graph: 610 nodes, 589 edges
Detecting RPC calls...did 610 methods analyses...done.
Computing use ranks...done.
Computing tangle metrics...done.
Dumping analysis data...done.
